[www.whoisricky.lol/index.html]
[backblue.gif]
[fade.gif]
[index.html]
[cdn.prod.website-files.com/6620f254531609e96ebcdc66/css/ricky-project.webflow.6d46847bf.min.css]
[ajax.googleapis.com/ajax/libs/webfont/1.6.26/webfont.js]
[fonts.googleapis.com/index.html]
[cdn.prod.website-files.com/6620f254531609e96ebcdc66/670e69991eb079983ed22693_Favicon-ricky.png]
[cdn.prod.website-files.com/6620f254531609e96ebcdc66/670e6a164143159266f65b56_Webclip-ricky.jpg]
[projet-secret-9p.netlify.app/index.css]
[plausible.io/js/script.outbound-links.js]
[cdn.prod.website-files.com/6620f254531609e96ebcdc66/66d57e120d38b31030c0eb08_small-logo.svg]
[cdn.prod.website-files.com/6620f254531609e96ebcdc66/6708f044e1f263cbf8016144_arrow-down-outline.svg]
[cdn.prod.website-files.com/6620f254531609e96ebcdc66/66f2905d164f5b56786e142c_tides.png]
[cdn.prod.website-files.com/6620f254531609e96ebcdc66/66f28448e454962d14376f0c_mkbhd.png]
[cdn.prod.website-files.com/6620f254531609e96ebcdc66/66f2844844423475d97986f9_horrors.png]
[cdn.prod.website-files.com/6620f254531609e96ebcdc66/66fd10c47b7d6cdd9c9a319a_slack-logo.png]
[cdn.prod.website-files.com/6620f254531609e96ebcdc66/66fd10c533110309ff741c1a_discord-logo.png]
[cdn.prod.website-files.com/6620f254531609e96ebcdc66/66fd10c5930866233d26d74c_teams-logo.png]
[cdn.prod.website-files.com/6620f254531609e96ebcdc66/67334d0f27ffe79acabb7a11_ricky-panic.webp]
[cdn.prod.website-files.com/6620f254531609e96ebcdc66/67334d0fa114276f65c1b44d_red-light.webp]
[www.whoisricky.lol/_https_/cdn.prod.website-files.com/6620f254531609e96ebcdc66/6704f7188f625b23941cbe7f_orbe-fond-noir-crop-poster-00001.jpg_]
[cdn.prod.website-files.com/6620f254531609e96ebcdc66/6709261f8639d74e0a49e832_image 18meme-footer.png]
[cdn.prod.website-files.com/6620f254531609e96ebcdc66/6709261f16086f7fee6aea5e_image 24meme-footer.png]
[cdn.prod.website-files.com/6620f254531609e96ebcdc66/6709261f470e0b7ba470cbf2_image 19meme-footer.png]
[cdn.prod.website-files.com/6620f254531609e96ebcdc66/6709261fefba3a9da3bc2497_image 22meme-footer.png]
[cdn.prod.website-files.com/6620f254531609e96ebcdc66/6709261f6ab4b395fb921f4f_image 23meme-footer.png]
[cdn.prod.website-files.com/6620f254531609e96ebcdc66/6709261f50a19ffaa276daaa_image 20meme-footer.png]
[cdn.prod.website-files.com/6620f254531609e96ebcdc66/6709261f7944fffda922db16_image 17meme-footer.png]
[cdn.prod.website-files.com/6620f254531609e96ebcdc66/67092620ef7c1e971beb32b2_image 21meme-footer.png]
[d3e54v103j8qbb.cloudfront.net/js/jquery-3.5.1.min.dc5e7f18c8b623.js]
[cdn.prod.website-files.com/6620f254531609e96ebcdc66/js/webflow.8f488c9bc.js]
[www.whoisricky.lol/index.html]
[cdn.prod.website-files.com/6620f254531609e96ebcdc66/css/ricky-project.webflow.6d46847bf.min.css]
[projet-secret-9p.netlify.app/index.js]
[fonts.googleapis.com/index.html]
[fonts.gstatic.com/index.html]
[projet-secret-9p.netlify.app/index.css]
[cdn.prod.website-files.com/6620f254531609e96ebcdc66/66d57e120d38b31030c0eb08_small-logo.svg]
[cdn.prod.website-files.com/6620f254531609e96ebcdc66/6708f044e1f263cbf8016144_arrow-down-outline.svg]
[www.whoisricky.lol/_https_/cdn.prod.website-files.com/6620f254531609e96ebcdc66/6704f7188f625b23941cbe7f_orbe-fond-noir-crop-poster-00001.html]
